[debug] [2021-06-11T16:08:32.411Z] ----------------------------------------------------------------------
[debug] [2021-06-11T16:08:32.426Z] Command:       C:\Program Files (x86)\nodejs\node.exe C:\Users\hp\AppData\Roaming\npm\node_modules\firebase-tools\lib\bin\firebase.js init
[debug] [2021-06-11T16:08:32.429Z] CLI Version:   9.6.1
[debug] [2021-06-11T16:08:32.429Z] Platform:      win32
[debug] [2021-06-11T16:08:32.430Z] Node Version:  v14.17.0
[debug] [2021-06-11T16:08:32.437Z] Time:          Fri Jun 11 2021 17:08:32 GMT+0100 (West Africa Standard Time)
[debug] [2021-06-11T16:08:32.438Z] ----------------------------------------------------------------------
[debug] [2021-06-11T16:08:32.439Z] 
[debug] [2021-06-11T16:08:32.457Z] >>> [apiv2][query] GET https://firebase-public.firebaseio.com/cli.json [none]
[debug] [2021-06-11T16:08:32.627Z] > command requires scopes: ["email","openid","https://www.googleapis.com/auth/cloudplatformprojects.readonly","https://www.googleapis.com/auth/firebase","https://www.googleapis.com/auth/cloud-platform"]
[debug] [2021-06-11T16:08:32.635Z] > authorizing via signed-in user
[info] 
     ######## #### ########  ######## ########     ###     ######  ########
     ##        ##  ##     ## ##       ##     ##  ##   ##  ##       ##
     ######    ##  ########  ######   ########  #########  ######  ######
     ##        ##  ##    ##  ##       ##     ## ##     ##       ## ##
     ##       #### ##     ## ######## ########  ##     ##  ######  ########

You're about to initialize a Firebase project in this directory:

  C:\Users\hp\Desktop\Disney\disneyclone

Before we get started, keep in mind:

  * You are initializing in an existing Firebase project directory

[info] 
=== Project Setup
[info] 
[info] First, let's associate this project directory with a Firebase project.
[info] You can create multiple project aliases by running firebase use --add, 
[info] but for now we'll just set up a default project.
[info] 
[info] i  .firebaserc already has a default project, using disney-7de41. 
[debug] [2021-06-11T16:10:19.596Z] > refreshing access token with scopes: []
[debug] [2021-06-11T16:10:19.604Z] >>> HTTP REQUEST POST https://www.googleapis.com/oauth2/v3/token  
 <request body omitted>
[debug] [2021-06-11T16:10:31.098Z] Authentication Error: Your credentials are no longer valid. Please run firebase login --reauth

For CI servers and headless environments, generate a new token with firebase login:ci
[debug] [2021-06-11T16:10:31.132Z] FirebaseError: Authentication Error: Your credentials are no longer valid. Please run firebase login --reauth

For CI servers and headless environments, generate a new token with firebase login:ci
    at invalidCredentialError (C:\Users\hp\AppData\Roaming\npm\node_modules\firebase-tools\lib\auth.js:26:12)
    at refreshTokens (C:\Users\hp\AppData\Roaming\npm\node_modules\firebase-tools\lib\auth.js:297:15)
    at processTicksAndRejections (internal/process/task_queues.js:95:5)
    at async Client.getAccessToken (C:\Users\hp\AppData\Roaming\npm\node_modules\firebase-tools\lib\apiv2.js:144:23)
    at async Client.addAuthHeader (C:\Users\hp\AppData\Roaming\npm\node_modules\firebase-tools\lib\apiv2.js:135:21)
    at async Client.request (C:\Users\hp\AppData\Roaming\npm\node_modules\firebase-tools\lib\apiv2.js:93:34)
    at async Object.getFirebaseProject (C:\Users\hp\AppData\Roaming\npm\node_modules\firebase-tools\lib\management\projects.js:289:21)
    at async Object.doSetup [as project] (C:\Users\hp\AppData\Roaming\npm\node_modules\firebase-tools\lib\init\features\project.js:77:27)
    at async init (C:\Users\hp\AppData\Roaming\npm\node_modules\firebase-tools\lib\init\index.js:19:9)
[error] 
[error] Error: Failed to get Firebase project disney-7de41. Please make sure the project exists and your account has permission to access it.
